This file contains any messages produced by compilers while
running configure, to aid debugging if configure makes a mistake.

It was created by cmuclmtk configure 0.7, which was
generated by GNU Autoconf 2.69.  Invocation command line was

  $ ./configure 

## --------- ##
## Platform. ##
## --------- ##

hostname = raspberrypi
uname -m = armv7l
uname -r = 4.14.79-v7+
uname -s = Linux
uname -v = #1159 SMP Sun Nov 4 17:50:20 GMT 2018

/usr/bin/uname -p = unknown
/bin/uname -X     = unknown

/bin/arch              = unknown
/usr/bin/arch -k       = unknown
/usr/convex/getsysinfo = unknown
/usr/bin/hostinfo      = unknown
/bin/machine           = unknown
/usr/bin/oslevel       = unknown
/bin/universe          = unknown

PATH: /usr/local/sbin
PATH: /usr/local/bin
PATH: /usr/sbin
PATH: /usr/bin
PATH: /sbin
PATH: /bin
PATH: /usr/local/games
PATH: /usr/games


## ----------- ##
## Core tests. ##
## ----------- ##

configure:2272: checking for a BSD-compatible install
configure:2340: result: /usr/bin/install -c
configure:2351: checking whether build environment is sane
configure:2406: result: yes
configure:2557: checking for a thread-safe mkdir -p
configure:2596: result: /bin/mkdir -p
configure:2603: checking for gawk
configure:2633: result: no
configure:2603: checking for mawk
configure:2619: found /usr/bin/mawk
configure:2630: result: mawk
configure:2641: checking whether make sets $(MAKE)
configure:2663: result: yes
configure:2692: checking whether make supports nested variables
configure:2709: result: yes
configure:2860: checking build system type
configure:2874: result: armv7l-unknown-linux-gnueabihf
configure:2894: checking host system type
configure:2907: result: armv7l-unknown-linux-gnueabihf
configure:2948: checking how to print strings
configure:2975: result: printf
configure:3008: checking for style of include used by make
configure:3036: result: GNU
configure:3107: checking for gcc
configure:3123: found /usr/bin/gcc
configure:3134: result: gcc
configure:3363: checking for C compiler version
configure:3372: gcc --version >&5
gcc (Raspbian 6.3.0-18+rpi1+deb9u1) 6.3.0 20170516
Copyright (C) 2016 Free Software Foundation, Inc.
This is free software; see the source for copying conditions.  There is NO
warranty; not even for MERCHANTABILITY or FITNESS FOR A PARTICULAR PURPOSE.

configure:3383: $? = 0
configure:3372: gcc -v >&5
Using built-in specs.
COLLECT_GCC=gcc
COLLECT_LTO_WRAPPER=/usr/lib/gcc/arm-linux-gnueabihf/6/lto-wrapper
Target: arm-linux-gnueabihf
Configured with: ../src/configure -v --with-pkgversion='Raspbian 6.3.0-18+rpi1+deb9u1' --with-bugurl=file:///usr/share/doc/gcc-6/README.Bugs --enable-languages=c,ada,c++,java,go,d,fortran,objc,obj-c++ --prefix=/usr --program-suffix=-6 --program-prefix=arm-linux-gnueabihf- --enable-shared --enable-linker-build-id --libexecdir=/usr/lib --without-included-gettext --enable-threads=posix --libdir=/usr/lib --enable-nls --with-sysroot=/ --enable-clocale=gnu --enable-libstdcxx-debug --enable-libstdcxx-time=yes --with-default-libstdcxx-abi=new --enable-gnu-unique-object --disable-libitm --disable-libquadmath --enable-plugin --with-system-zlib --disable-browser-plugin --enable-java-awt=gtk --enable-gtk-cairo --with-java-home=/usr/lib/jvm/java-1.5.0-gcj-6-armhf/jre --enable-java-home --with-jvm-root-dir=/usr/lib/jvm/java-1.5.0-gcj-6-armhf --with-jvm-jar-dir=/usr/lib/jvm-exports/java-1.5.0-gcj-6-armhf --with-arch-directory=arm --with-ecj-jar=/usr/share/java/eclipse-ecj.jar --with-target-system-zlib --enable-objc-gc=auto --enable-multiarch --disable-sjlj-exceptions --with-arch=armv6 --with-fpu=vfp --with-float=hard --enable-checking=release --build=arm-linux-gnueabihf --host=arm-linux-gnueabihf --target=arm-linux-gnueabihf
Thread model: posix
gcc version 6.3.0 20170516 (Raspbian 6.3.0-18+rpi1+deb9u1) 
configure:3383: $? = 0
configure:3372: gcc -V >&5
gcc: error: unrecognized command line option '-V'
gcc: fatal error: no input files
compilation terminated.
configure:3383: $? = 1
configure:3372: gcc -qversion >&5
gcc: error: unrecognized command line option '-qversion'; did you mean '--version'?
gcc: fatal error: no input files
compilation terminated.
configure:3383: $? = 1
configure:3403: checking whether the C compiler works
configure:3425: gcc    conftest.c  >&5
configure:3429: $? = 0
configure:3477: result: yes
configure:3480: checking for C compiler default output file name
configure:3482: result: a.out
configure:3488: checking for suffix of executables
configure:3495: gcc -o conftest    conftest.c  >&5
configure:3499: $? = 0
configure:3521: result: 
configure:3543: checking whether we are cross compiling
configure:3551: gcc -o conftest    conftest.c  >&5
configure:3555: $? = 0
configure:3562: ./conftest
configure:3566: $? = 0
configure:3581: result: no
configure:3586: checking for suffix of object files
configure:3608: gcc -c   conftest.c >&5
configure:3612: $? = 0
configure:3633: result: o
configure:3637: checking whether we are using the GNU C compiler
configure:3656: gcc -c   conftest.c >&5
configure:3656: $? = 0
configure:3665: result: yes
configure:3674: checking whether gcc accepts -g
configure:3694: gcc -c -g  conftest.c >&5
configure:3694: $? = 0
configure:3735: result: yes
configure:3752: checking for gcc option to accept ISO C89
configure:3815: gcc  -c -g -O2  conftest.c >&5
configure:3815: $? = 0
configure:3828: result: none needed
configure:3853: checking whether gcc understands -c and -o together
configure:3875: gcc -c conftest.c -o conftest2.o
configure:3878: $? = 0
configure:3875: gcc -c conftest.c -o conftest2.o
configure:3878: $? = 0
configure:3890: result: yes
configure:3909: checking dependency style of gcc
configure:4020: result: gcc3
configure:4035: checking for a sed that does not truncate output
configure:4099: result: /bin/sed
configure:4117: checking for grep that handles long lines and -e
configure:4175: result: /bin/grep
configure:4180: checking for egrep
configure:4242: result: /bin/grep -E
configure:4247: checking for fgrep
configure:4309: result: /bin/grep -F
configure:4344: checking for ld used by gcc
configure:4411: result: /usr/bin/ld
configure:4418: checking if the linker (/usr/bin/ld) is GNU ld
configure:4433: result: yes
configure:4445: checking for BSD- or MS-compatible name lister (nm)
configure:4499: result: /usr/bin/nm -B
configure:4629: checking the name lister (/usr/bin/nm -B) interface
configure:4636: gcc -c -g -O2  conftest.c >&5
configure:4639: /usr/bin/nm -B "conftest.o"
configure:4642: output
00000000 B some_variable
configure:4649: result: BSD nm
configure:4652: checking whether ln -s works
configure:4656: result: yes
configure:4664: checking the maximum length of command line arguments
configure:4795: result: 1572864
configure:4843: checking how to convert armv7l-unknown-linux-gnueabihf file names to armv7l-unknown-linux-gnueabihf format
configure:4883: result: func_convert_file_noop
configure:4890: checking how to convert armv7l-unknown-linux-gnueabihf file names to toolchain format
configure:4910: result: func_convert_file_noop
configure:4917: checking for /usr/bin/ld option to reload object files
configure:4924: result: -r
configure:4998: checking for objdump
configure:5014: found /usr/bin/objdump
configure:5025: result: objdump
configure:5057: checking how to recognize dependent libraries
configure:5257: result: pass_all
configure:5342: checking for dlltool
configure:5372: result: no
configure:5402: checking how to associate runtime and link libraries
configure:5429: result: printf %s\n
configure:5490: checking for ar
configure:5506: found /usr/bin/ar
configure:5517: result: ar
configure:5554: checking for archiver @FILE support
configure:5571: gcc -c -g -O2  conftest.c >&5
configure:5571: $? = 0
configure:5574: ar cru libconftest.a @conftest.lst >&5
ar: `u' modifier ignored since `D' is the default (see `U')
configure:5577: $? = 0
configure:5582: ar cru libconftest.a @conftest.lst >&5
ar: `u' modifier ignored since `D' is the default (see `U')
ar: conftest.o: No such file or directory
configure:5585: $? = 1
configure:5597: result: @
configure:5655: checking for strip
configure:5671: found /usr/bin/strip
configure:5682: result: strip
configure:5754: checking for ranlib
configure:5770: found /usr/bin/ranlib
configure:5781: result: ranlib
configure:5883: checking command to parse /usr/bin/nm -B output from gcc object
configure:6036: gcc -c -g -O2  conftest.c >&5
configure:6039: $? = 0
configure:6043: /usr/bin/nm -B conftest.o \| sed -n -e 's/^.*[ ]\([ABCDGIRSTW][ABCDGIRSTW]*\)[ ][ ]*\([_A-Za-z][_A-Za-z0-9]*\)$/\1 \2 \2/p' | sed '/ __gnu_lto/d' \> conftest.nm
configure:6046: $? = 0
configure:6112: gcc -o conftest -g -O2   conftest.c conftstm.o >&5
configure:6115: $? = 0
configure:6153: result: ok
configure:6200: checking for sysroot
configure:6230: result: no
configure:6237: checking for a working dd
configure:6275: result: /bin/dd
configure:6279: checking how to truncate binary pipes
configure:6294: result: /bin/dd bs=4096 count=1
configure:6623: checking for mt
configure:6639: found /bin/mt
configure:6650: result: mt
configure:6673: checking if mt is a manifest tool
configure:6679: mt '-?'
configure:6687: result: no
configure:7364: checking how to run the C preprocessor
configure:7395: gcc -E  conftest.c
configure:7395: $? = 0
configure:7409: gcc -E  conftest.c
conftest.c:9:28: fatal error: ac_nonexistent.h: No such file or directory
 #include <ac_nonexistent.h>
                            ^
compilation terminated.
configure:7409: $? = 1
configure: failed program was:
| /* confdefs.h */
| #define PACKAGE_NAME "cmuclmtk"
| #define PACKAGE_TARNAME "cmuclmtk"
| #define PACKAGE_VERSION "0.7"
| #define PACKAGE_STRING "cmuclmtk 0.7"
| #define PACKAGE_BUGREPORT "air+logios@cs.cmu.edu"
| #define PACKAGE_URL ""
| /* end confdefs.h.  */
| #include <ac_nonexistent.h>
configure:7434: result: gcc -E
configure:7454: gcc -E  conftest.c
configure:7454: $? = 0
configure:7468: gcc -E  conftest.c
conftest.c:9:28: fatal error: ac_nonexistent.h: No such file or directory
 #include <ac_nonexistent.h>
                            ^
compilation terminated.
configure:7468: $? = 1
configure: failed program was:
| /* confdefs.h */
| #define PACKAGE_NAME "cmuclmtk"
| #define PACKAGE_TARNAME "cmuclmtk"
| #define PACKAGE_VERSION "0.7"
| #define PACKAGE_STRING "cmuclmtk 0.7"
| #define PACKAGE_BUGREPORT "air+logios@cs.cmu.edu"
| #define PACKAGE_URL ""
| /* end confdefs.h.  */
| #include <ac_nonexistent.h>
configure:7497: checking for ANSI C header files
configure:7517: gcc -c -g -O2  conftest.c >&5
configure:7517: $? = 0
configure:7590: gcc -o conftest -g -O2   conftest.c  >&5
configure:7590: $? = 0
configure:7590: ./conftest
configure:7590: $? = 0
configure:7601: result: yes
configure:7614: checking for sys/types.h
configure:7614: gcc -c -g -O2  conftest.c >&5
configure:7614: $? = 0
configure:7614: result: yes
configure:7614: checking for sys/stat.h
configure:7614: gcc -c -g -O2  conftest.c >&5
configure:7614: $? = 0
configure:7614: result: yes
configure:7614: checking for stdlib.h
configure:7614: gcc -c -g -O2  conftest.c >&5
configure:7614: $? = 0
configure:7614: result: yes
configure:7614: checking for string.h
configure:7614: gcc -c -g -O2  conftest.c >&5
configure:7614: $? = 0
configure:7614: result: yes
configure:7614: checking for memory.h
configure:7614: gcc -c -g -O2  conftest.c >&5
configure:7614: $? = 0
configure:7614: result: yes
configure:7614: checking for strings.h
configure:7614: gcc -c -g -O2  conftest.c >&5
configure:7614: $? = 0
configure:7614: result: yes
configure:7614: checking for inttypes.h
configure:7614: gcc -c -g -O2  conftest.c >&5
configure:7614: $? = 0
configure:7614: result: yes
configure:7614: checking for stdint.h
configure:7614: gcc -c -g -O2  conftest.c >&5
configure:7614: $? = 0
configure:7614: result: yes
configure:7614: checking for unistd.h
configure:7614: gcc -c -g -O2  conftest.c >&5
configure:7614: $? = 0
configure:7614: result: yes
configure:7628: checking for dlfcn.h
configure:7628: gcc -c -g -O2  conftest.c >&5
configure:7628: $? = 0
configure:7628: result: yes
configure:7884: checking for objdir
configure:7899: result: .libs
configure:8163: checking if gcc supports -fno-rtti -fno-exceptions
configure:8181: gcc -c -g -O2  -fno-rtti -fno-exceptions conftest.c >&5
cc1: warning: command line option '-fno-rtti' is valid for C++/ObjC++ but not for C
configure:8185: $? = 0
configure:8198: result: no
configure:8556: checking for gcc option to produce PIC
configure:8563: result: -fPIC -DPIC
configure:8571: checking if gcc PIC flag -fPIC -DPIC works
configure:8589: gcc -c -g -O2  -fPIC -DPIC -DPIC conftest.c >&5
configure:8593: $? = 0
configure:8606: result: yes
configure:8635: checking if gcc static flag -static works
configure:8663: result: yes
configure:8678: checking if gcc supports -c -o file.o
configure:8699: gcc -c -g -O2  -o out/conftest2.o conftest.c >&5
configure:8703: $? = 0
configure:8725: result: yes
configure:8733: checking if gcc supports -c -o file.o
configure:8780: result: yes
configure:8813: checking whether the gcc linker (/usr/bin/ld) supports shared libraries
configure:10076: result: yes
configure:10113: checking whether -lc should be explicitly linked in
configure:10121: gcc -c -g -O2  conftest.c >&5
configure:10124: $? = 0
configure:10139: gcc -shared  -fPIC -DPIC conftest.o  -v -Wl,-soname -Wl,conftest -o conftest 2\>\&1 \| /bin/grep  -lc  \>/dev/null 2\>\&1
configure:10142: $? = 0
configure:10156: result: no
configure:10316: checking dynamic linker characteristics
configure:10897: gcc -o conftest -g -O2   -Wl,-rpath -Wl,/foo conftest.c  >&5
configure:10897: $? = 0
configure:11146: result: GNU/Linux ld.so
configure:11268: checking how to hardcode library paths into programs
configure:11293: result: immediate
configure:11841: checking whether stripping libraries is possible
configure:11846: result: yes
configure:11881: checking if libtool supports shared libraries
configure:11883: result: yes
configure:11886: checking whether to build shared libraries
configure:11911: result: yes
configure:11914: checking whether to build static libraries
configure:11918: result: yes
configure:12013: checking for gcc
configure:12040: result: gcc
configure:12269: checking for C compiler version
configure:12278: gcc --version >&5
gcc (Raspbian 6.3.0-18+rpi1+deb9u1) 6.3.0 20170516
Copyright (C) 2016 Free Software Foundation, Inc.
This is free software; see the source for copying conditions.  There is NO
warranty; not even for MERCHANTABILITY or FITNESS FOR A PARTICULAR PURPOSE.

configure:12289: $? = 0
configure:12278: gcc -v >&5
Using built-in specs.
COLLECT_GCC=gcc
COLLECT_LTO_WRAPPER=/usr/lib/gcc/arm-linux-gnueabihf/6/lto-wrapper
Target: arm-linux-gnueabihf
Configured with: ../src/configure -v --with-pkgversion='Raspbian 6.3.0-18+rpi1+deb9u1' --with-bugurl=file:///usr/share/doc/gcc-6/README.Bugs --enable-languages=c,ada,c++,java,go,d,fortran,objc,obj-c++ --prefix=/usr --program-suffix=-6 --program-prefix=arm-linux-gnueabihf- --enable-shared --enable-linker-build-id --libexecdir=/usr/lib --without-included-gettext --enable-threads=posix --libdir=/usr/lib --enable-nls --with-sysroot=/ --enable-clocale=gnu --enable-libstdcxx-debug --enable-libstdcxx-time=yes --with-default-libstdcxx-abi=new --enable-gnu-unique-object --disable-libitm --disable-libquadmath --enable-plugin --with-system-zlib --disable-browser-plugin --enable-java-awt=gtk --enable-gtk-cairo --with-java-home=/usr/lib/jvm/java-1.5.0-gcj-6-armhf/jre --enable-java-home --with-jvm-root-dir=/usr/lib/jvm/java-1.5.0-gcj-6-armhf --with-jvm-jar-dir=/usr/lib/jvm-exports/java-1.5.0-gcj-6-armhf --with-arch-directory=arm --with-ecj-jar=/usr/share/java/eclipse-ecj.jar --with-target-system-zlib --enable-objc-gc=auto --enable-multiarch --disable-sjlj-exceptions --with-arch=armv6 --with-fpu=vfp --with-float=hard --enable-checking=release --build=arm-linux-gnueabihf --host=arm-linux-gnueabihf --target=arm-linux-gnueabihf
Thread model: posix
gcc version 6.3.0 20170516 (Raspbian 6.3.0-18+rpi1+deb9u1) 
configure:12289: $? = 0
configure:12278: gcc -V >&5
gcc: error: unrecognized command line option '-V'
gcc: fatal error: no input files
compilation terminated.
configure:12289: $? = 1
configure:12278: gcc -qversion >&5
gcc: error: unrecognized command line option '-qversion'; did you mean '--version'?
gcc: fatal error: no input files
compilation terminated.
configure:12289: $? = 1
configure:12293: checking whether we are using the GNU C compiler
configure:12321: result: yes
configure:12330: checking whether gcc accepts -g
configure:12391: result: yes
configure:12408: checking for gcc option to accept ISO C89
configure:12484: result: none needed
configure:12509: checking whether gcc understands -c and -o together
configure:12546: result: yes
configure:12565: checking dependency style of gcc
configure:12676: result: gcc3
configure:12736: checking for ar
configure:12763: result: ar
configure:12785: checking whether byte ordering is bigendian
configure:12800: gcc -c -g -O2  conftest.c >&5
conftest.c:22:9: error: unknown type name 'not'
         not a universal capable compiler
         ^~~
conftest.c:22:15: error: expected '=', ',', ';', 'asm' or '__attribute__' before 'universal'
         not a universal capable compiler
               ^~~~~~~~~
conftest.c:22:15: error: unknown type name 'universal'
configure:12800: $? = 1
configure: failed program was:
| /* confdefs.h */
| #define PACKAGE_NAME "cmuclmtk"
| #define PACKAGE_TARNAME "cmuclmtk"
| #define PACKAGE_VERSION "0.7"
| #define PACKAGE_STRING "cmuclmtk 0.7"
| #define PACKAGE_BUGREPORT "air+logios@cs.cmu.edu"
| #define PACKAGE_URL ""
| #define STDC_HEADERS 1
| #define HAVE_SYS_TYPES_H 1
| #define HAVE_SYS_STAT_H 1
| #define HAVE_STDLIB_H 1
| #define HAVE_STRING_H 1
| #define HAVE_MEMORY_H 1
| #define HAVE_STRINGS_H 1
| #define HAVE_INTTYPES_H 1
| #define HAVE_STDINT_H 1
| #define HAVE_UNISTD_H 1
| #define HAVE_DLFCN_H 1
| #define LT_OBJDIR ".libs/"
| /* end confdefs.h.  */
| #ifndef __APPLE_CC__
| 	       not a universal capable compiler
| 	     #endif
| 	     typedef int dummy;
| 
configure:12845: gcc -c -g -O2  conftest.c >&5
configure:12845: $? = 0
configure:12863: gcc -c -g -O2  conftest.c >&5
conftest.c: In function 'main':
conftest.c:28:4: error: unknown type name 'not'
    not big endian
    ^~~
conftest.c:28:12: error: expected '=', ',', ';', 'asm' or '__attribute__' before 'endian'
    not big endian
            ^~~~~~
configure:12863: $? = 1
configure: failed program was:
| /* confdefs.h */
| #define PACKAGE_NAME "cmuclmtk"
| #define PACKAGE_TARNAME "cmuclmtk"
| #define PACKAGE_VERSION "0.7"
| #define PACKAGE_STRING "cmuclmtk 0.7"
| #define PACKAGE_BUGREPORT "air+logios@cs.cmu.edu"
| #define PACKAGE_URL ""
| #define STDC_HEADERS 1
| #define HAVE_SYS_TYPES_H 1
| #define HAVE_SYS_STAT_H 1
| #define HAVE_STDLIB_H 1
| #define HAVE_STRING_H 1
| #define HAVE_MEMORY_H 1
| #define HAVE_STRINGS_H 1
| #define HAVE_INTTYPES_H 1
| #define HAVE_STDINT_H 1
| #define HAVE_UNISTD_H 1
| #define HAVE_DLFCN_H 1
| #define LT_OBJDIR ".libs/"
| /* end confdefs.h.  */
| #include <sys/types.h>
| 		#include <sys/param.h>
| 
| int
| main ()
| {
| #if BYTE_ORDER != BIG_ENDIAN
| 		 not big endian
| 		#endif
| 
|   ;
|   return 0;
| }
configure:12991: result: no
configure:13009: checking for log in -lm
configure:13034: gcc -o conftest -g -O2   conftest.c -lm   >&5
conftest.c:28:6: warning: conflicting types for built-in function 'log'
 char log ();
      ^~~
configure:13034: $? = 0
configure:13043: result: yes
configure:13056: checking for ANSI C header files
configure:13160: result: yes
configure:13171: checking for stdlib.h
configure:13171: result: yes
configure:13171: checking for strings.h
configure:13171: result: yes
configure:13171: checking sys/time.h usability
configure:13171: gcc -c -g -O2  conftest.c >&5
configure:13171: $? = 0
configure:13171: result: yes
configure:13171: checking sys/time.h presence
configure:13171: gcc -E  conftest.c
configure:13171: $? = 0
configure:13171: result: yes
configure:13171: checking for sys/time.h
configure:13171: result: yes
configure:13294: checking that generated files are newer than configure
configure:13300: result: done
configure:13328: creating ./config.status

## ---------------------- ##
## Running config.status. ##
## ---------------------- ##

This file was extended by cmuclmtk config.status 0.7, which was
generated by GNU Autoconf 2.69.  Invocation command line was

  CONFIG_FILES    = 
  CONFIG_HEADERS  = 
  CONFIG_LINKS    = 
  CONFIG_COMMANDS = 
  $ ./config.status 

on raspberrypi

config.status:1092: creating Makefile
config.status:1092: creating src/Makefile
config.status:1092: creating test/Makefile
config.status:1092: creating src/liblmest/Makefile
config.status:1092: creating src/libs/Makefile
config.status:1092: creating src/programs/Makefile
config.status:1092: creating config.h
config.status:1321: executing depfiles commands
config.status:1321: executing libtool commands

## ---------------- ##
## Cache variables. ##
## ---------------- ##

ac_cv_build=armv7l-unknown-linux-gnueabihf
ac_cv_c_bigendian=no
ac_cv_c_compiler_gnu=yes
ac_cv_env_CC_set=
ac_cv_env_CC_value=
ac_cv_env_CFLAGS_set=
ac_cv_env_CFLAGS_value=
ac_cv_env_CPPFLAGS_set=
ac_cv_env_CPPFLAGS_value=
ac_cv_env_CPP_set=
ac_cv_env_CPP_value=
ac_cv_env_LDFLAGS_set=
ac_cv_env_LDFLAGS_value=
ac_cv_env_LIBS_set=
ac_cv_env_LIBS_value=
ac_cv_env_LT_SYS_LIBRARY_PATH_set=
ac_cv_env_LT_SYS_LIBRARY_PATH_value=
ac_cv_env_build_alias_set=
ac_cv_env_build_alias_value=
ac_cv_env_host_alias_set=
ac_cv_env_host_alias_value=
ac_cv_env_target_alias_set=
ac_cv_env_target_alias_value=
ac_cv_header_dlfcn_h=yes
ac_cv_header_inttypes_h=yes
ac_cv_header_memory_h=yes
ac_cv_header_stdc=yes
ac_cv_header_stdint_h=yes
ac_cv_header_stdlib_h=yes
ac_cv_header_string_h=yes
ac_cv_header_strings_h=yes
ac_cv_header_sys_stat_h=yes
ac_cv_header_sys_time_h=yes
ac_cv_header_sys_types_h=yes
ac_cv_header_unistd_h=yes
ac_cv_host=armv7l-unknown-linux-gnueabihf
ac_cv_lib_m_log=yes
ac_cv_objext=o
ac_cv_path_EGREP='/bin/grep -E'
ac_cv_path_FGREP='/bin/grep -F'
ac_cv_path_GREP=/bin/grep
ac_cv_path_SED=/bin/sed
ac_cv_path_install='/usr/bin/install -c'
ac_cv_path_lt_DD=/bin/dd
ac_cv_path_mkdir=/bin/mkdir
ac_cv_prog_AWK=mawk
ac_cv_prog_CPP='gcc -E'
ac_cv_prog_ac_ct_AR=ar
ac_cv_prog_ac_ct_CC=gcc
ac_cv_prog_ac_ct_MANIFEST_TOOL=mt
ac_cv_prog_ac_ct_OBJDUMP=objdump
ac_cv_prog_ac_ct_RANLIB=ranlib
ac_cv_prog_ac_ct_STRIP=strip
ac_cv_prog_cc_c89=
ac_cv_prog_cc_g=yes
ac_cv_prog_make_make_set=yes
am_cv_CC_dependencies_compiler_type=gcc3
am_cv_make_support_nested_variables=yes
am_cv_prog_cc_c_o=yes
lt_cv_ar_at_file=@
lt_cv_archive_cmds_need_lc=no
lt_cv_deplibs_check_method=pass_all
lt_cv_file_magic_cmd='$MAGIC_CMD'
lt_cv_file_magic_test_file=
lt_cv_ld_reload_flag=-r
lt_cv_nm_interface='BSD nm'
lt_cv_objdir=.libs
lt_cv_path_LD=/usr/bin/ld
lt_cv_path_NM='/usr/bin/nm -B'
lt_cv_path_mainfest_tool=no
lt_cv_prog_compiler_c_o=yes
lt_cv_prog_compiler_pic='-fPIC -DPIC'
lt_cv_prog_compiler_pic_works=yes
lt_cv_prog_compiler_rtti_exceptions=no
lt_cv_prog_compiler_static_works=yes
lt_cv_prog_gnu_ld=yes
lt_cv_sharedlib_from_linklib_cmd='printf %s\n'
lt_cv_shlibpath_overrides_runpath=no
lt_cv_sys_global_symbol_pipe='sed -n -e '\''s/^.*[	 ]\([ABCDGIRSTW][ABCDGIRSTW]*\)[	 ][	 ]*\([_A-Za-z][_A-Za-z0-9]*\)$/\1 \2 \2/p'\'' | sed '\''/ __gnu_lto/d'\'''
lt_cv_sys_global_symbol_to_c_name_address='sed -n -e '\''s/^: \(.*\) .*$/  {"\1", (void *) 0},/p'\'' -e '\''s/^[ABCDGIRSTW][ABCDGIRSTW]* .* \(.*\)$/  {"\1", (void *) \&\1},/p'\'''
lt_cv_sys_global_symbol_to_c_name_address_lib_prefix='sed -n -e '\''s/^: \(.*\) .*$/  {"\1", (void *) 0},/p'\'' -e '\''s/^[ABCDGIRSTW][ABCDGIRSTW]* .* \(lib.*\)$/  {"\1", (void *) \&\1},/p'\'' -e '\''s/^[ABCDGIRSTW][ABCDGIRSTW]* .* \(.*\)$/  {"lib\1", (void *) \&\1},/p'\'''
lt_cv_sys_global_symbol_to_cdecl='sed -n -e '\''s/^T .* \(.*\)$/extern int \1();/p'\'' -e '\''s/^[ABCDGIRSTW][ABCDGIRSTW]* .* \(.*\)$/extern char \1;/p'\'''
lt_cv_sys_global_symbol_to_import=
lt_cv_sys_max_cmd_len=1572864
lt_cv_to_host_file_cmd=func_convert_file_noop
lt_cv_to_tool_file_cmd=func_convert_file_noop
lt_cv_truncate_bin='/bin/dd bs=4096 count=1'

## ----------------- ##
## Output variables. ##
## ----------------- ##

ACLOCAL='${SHELL} /home/pi/cmuclmtk/missing aclocal-1.15'
AMDEPBACKSLASH='\'
AMDEP_FALSE='#'
AMDEP_TRUE=''
AMTAR='$${TAR-tar}'
AM_BACKSLASH='\'
AM_DEFAULT_V='$(AM_DEFAULT_VERBOSITY)'
AM_DEFAULT_VERBOSITY='1'
AM_V='$(V)'
AR='ar'
AUTOCONF='${SHELL} /home/pi/cmuclmtk/missing autoconf'
AUTOHEADER='${SHELL} /home/pi/cmuclmtk/missing autoheader'
AUTOMAKE='${SHELL} /home/pi/cmuclmtk/missing automake-1.15'
AWK='mawk'
CC='gcc'
CCDEPMODE='depmode=gcc3'
CFLAGS='-g -O2'
CPP='gcc -E'
CPPFLAGS=''
CYGPATH_W='echo'
DEFS='-DHAVE_CONFIG_H'
DEPDIR='.deps'
DLLTOOL='false'
DSYMUTIL=''
DUMPBIN=''
ECHO_C=''
ECHO_N='-n'
ECHO_T=''
EGREP='/bin/grep -E'
EXEEXT=''
FGREP='/bin/grep -F'
GREP='/bin/grep'
INSTALL_DATA='${INSTALL} -m 644'
INSTALL_PROGRAM='${INSTALL}'
INSTALL_SCRIPT='${INSTALL}'
INSTALL_STRIP_PROGRAM='$(install_sh) -c -s'
LD='/usr/bin/ld'
LDFLAGS=''
LIBOBJS=''
LIBS='-lm '
LIBTOOL='$(SHELL) $(top_builddir)/libtool'
LIPO=''
LN_S='ln -s'
LTLIBOBJS=''
LT_SYS_LIBRARY_PATH=''
MAKEINFO='${SHELL} /home/pi/cmuclmtk/missing makeinfo'
MANIFEST_TOOL=':'
MKDIR_P='/bin/mkdir -p'
NM='/usr/bin/nm -B'
NMEDIT=''
OBJDUMP='objdump'
OBJEXT='o'
OTOOL64=''
OTOOL=''
PACKAGE='cmuclmtk'
PACKAGE_BUGREPORT='air+logios@cs.cmu.edu'
PACKAGE_NAME='cmuclmtk'
PACKAGE_STRING='cmuclmtk 0.7'
PACKAGE_TARNAME='cmuclmtk'
PACKAGE_URL=''
PACKAGE_VERSION='0.7'
PATH_SEPARATOR=':'
RANLIB='ranlib'
SED='/bin/sed'
SET_MAKE=''
SHELL='/bin/bash'
STRIP='strip'
VERSION='0.7'
ac_ct_AR='ar'
ac_ct_CC='gcc'
ac_ct_DUMPBIN=''
am__EXEEXT_FALSE=''
am__EXEEXT_TRUE='#'
am__fastdepCC_FALSE='#'
am__fastdepCC_TRUE=''
am__include='include'
am__isrc=''
am__leading_dot='.'
am__nodep='_no'
am__quote=''
am__tar='$${TAR-tar} chof - "$$tardir"'
am__untar='$${TAR-tar} xf -'
bindir='${exec_prefix}/bin'
build='armv7l-unknown-linux-gnueabihf'
build_alias=''
build_cpu='armv7l'
build_os='linux-gnueabihf'
build_vendor='unknown'
datadir='${datarootdir}'
datarootdir='${prefix}/share'
docdir='${datarootdir}/doc/${PACKAGE_TARNAME}'
dvidir='${docdir}'
exec_prefix='${prefix}'
host='armv7l-unknown-linux-gnueabihf'
host_alias=''
host_cpu='armv7l'
host_os='linux-gnueabihf'
host_vendor='unknown'
htmldir='${docdir}'
includedir='${prefix}/include'
infodir='${datarootdir}/info'
install_sh='${SHELL} /home/pi/cmuclmtk/install-sh'
libdir='${exec_prefix}/lib'
libexecdir='${exec_prefix}/libexec'
localedir='${datarootdir}/locale'
localstatedir='${prefix}/var'
mandir='${datarootdir}/man'
mkdir_p='$(MKDIR_P)'
oldincludedir='/usr/include'
pdfdir='${docdir}'
prefix='/usr/local'
program_transform_name='s,x,x,'
psdir='${docdir}'
runstatedir='${localstatedir}/run'
sbindir='${exec_prefix}/sbin'
sharedstatedir='${prefix}/com'
sysconfdir='${prefix}/etc'
target_alias=''

## ----------- ##
## confdefs.h. ##
## ----------- ##

/* confdefs.h */
#define PACKAGE_NAME "cmuclmtk"
#define PACKAGE_TARNAME "cmuclmtk"
#define PACKAGE_VERSION "0.7"
#define PACKAGE_STRING "cmuclmtk 0.7"
#define PACKAGE_BUGREPORT "air+logios@cs.cmu.edu"
#define PACKAGE_URL ""
#define STDC_HEADERS 1
#define HAVE_SYS_TYPES_H 1
#define HAVE_SYS_STAT_H 1
#define HAVE_STDLIB_H 1
#define HAVE_STRING_H 1
#define HAVE_MEMORY_H 1
#define HAVE_STRINGS_H 1
#define HAVE_INTTYPES_H 1
#define HAVE_STDINT_H 1
#define HAVE_UNISTD_H 1
#define HAVE_DLFCN_H 1
#define LT_OBJDIR ".libs/"
#define HAVE_LIBM 1
#define STDC_HEADERS 1
#define HAVE_STDLIB_H 1
#define HAVE_STRINGS_H 1
#define HAVE_SYS_TIME_H 1

configure: exit 0
